Using pre-set license
Built from '2020.3/staging' branch; Version is '2020.3.5f1 (8095aa901b9b) revision 8426922'; Using compiler version '192528614'; Build Type 'Release'
OS: 'Windows 10 Education; OS build 19044.1288; Version 2009; 64bit' Language: 'en' Physical Memory: 32704 MB
BatchMode: 1, IsHumanControllingUs: 0, StartBugReporterOnCrash: 0, Is64bit: 1, IsPro: 0

 COMMAND LINE ARGUMENTS:
C:\Program Files\Unity\Hub\Editor\2020.3.5f1\Editor\Unity.exe
-adb2
-batchMode
-noUpm
-name
AssetImportWorker0
-projectPath
C:/Users/s214697/Documents/GitHub/ScriptingProject/ScriptingProject/The Red
-logFile
Logs/AssetImportWorker0.log
-srvPort
49238
Successfully changed project path to: C:/Users/s214697/Documents/GitHub/ScriptingProject/ScriptingProject/The Red
C:/Users/s214697/Documents/GitHub/ScriptingProject/ScriptingProject/The Red
Using Asset Import Pipeline V2.
Refreshing native plugins compatible for Editor in 33.88 ms, found 0 plugins.
Preloading 0 native plugins for Editor in 0.00 ms.
Initialize engine version: 2020.3.5f1 (8095aa901b9b)
[Subsystems] Discovering subsystems at path C:/Program Files/Unity/Hub/Editor/2020.3.5f1/Editor/Data/Resources/UnitySubsystems
[Subsystems] Discovering subsystems at path C:/Users/s214697/Documents/GitHub/ScriptingProject/ScriptingProject/The Red/Assets
GfxDevice: creating device client; threaded=0
Direct3D:
    Version:  Direct3D 11.0 [level 11.1]
    Renderer: NVIDIA GeForce GTX 960 (ID=0x1401)
    Vendor:   
    VRAM:     4053 MB
    Driver:   30.0.14.9676
Initialize mono
Mono path[0] = 'C:/Program Files/Unity/Hub/Editor/2020.3.5f1/Editor/Data/Managed'
Mono path[1] = 'C:/Program Files/Unity/Hub/Editor/2020.3.5f1/Editor/Data/MonoBleedingEdge/lib/mono/unityjit'
Mono config path = 'C:/Program Files/Unity/Hub/Editor/2020.3.5f1/Editor/Data/MonoBleedingEdge/etc'
Using monoOptions --debugger-agent=transport=dt_socket,embedding=1,server=y,suspend=n,address=127.0.0.1:56116
Begin MonoManager ReloadAssembly
Registering precompiled unity dll's ...
Register platform support module: C:/Program Files/Unity/Hub/Editor/2020.3.5f1/Editor/Data/PlaybackEngines/WebGLSupport/UnityEditor.WebGL.Extensions.dll
Register platform support module: C:/Program Files/Unity/Hub/Editor/2020.3.5f1/Editor/Data/PlaybackEngines/WindowsStandaloneSupport/UnityEditor.WindowsStandalone.Extensions.dll
Registered in 0.002407 seconds.
Native extension for WindowsStandalone target not found
Native extension for WebGL target not found
Refreshing native plugins compatible for Editor in 34.29 ms, found 0 plugins.
Preloading 0 native plugins for Editor in 0.00 ms.
Mono: successfully reloaded assembly
- Completed reload, in  1.197 seconds
Platform modules already initialized, skipping
Registering precompiled user dll's ...
Registered in 0.000780 seconds.
Begin MonoManager ReloadAssembly
Native extension for WindowsStandalone target not found
Native extension for WebGL target not found
Refreshing native plugins compatible for Editor in 0.28 ms, found 0 plugins.
Preloading 0 native plugins for Editor in 0.00 ms.
Mono: successfully reloaded assembly
- Completed reload, in  0.859 seconds
Platform modules already initialized, skipping
========================================================================
Worker process is ready to serve import requests
Launched and connected shader compiler UnityShaderCompiler.exe after 0.05 seconds
Refreshing native plugins compatible for Editor in 0.30 ms, found 0 plugins.
Preloading 0 native plugins for Editor in 0.00 ms.
Unloading 1595 Unused Serialized files (Serialized files now loaded: 0)
System memory in use before: 81.9 MB.
System memory in use after: 81.9 MB.

Unloading 11 unused Assets to reduce memory usage. Loaded Objects now: 2038.
Total: 2.311500 ms (FindLiveObjects: 0.290300 ms CreateObjectMapping: 0.098700 ms MarkObjects: 1.751100 ms  DeleteObjects: 0.170400 ms)

========================================================================
Received Import Request.
  path: ProjectSettings/TagManager.asset
  artifactKey: Guid(00000000000000003000000000000000) Importer(815301076,1909f56bfc062723c751e8b465ee728b)
Start importing ProjectSettings/TagManager.asset using Guid(00000000000000003000000000000000) Importer(815301076,1909f56bfc062723c751e8b465ee728b)  -> (artifact id: '0cf9088148c8a3cbd29f9a356fcbb966') in 0.036514 seconds
  Import took 0.039268 seconds .

========================================================================
Received Prepare
Registering precompiled user dll's ...
Registered in 0.000937 seconds.
Begin MonoManager ReloadAssembly
Native extension for WindowsStandalone target not found
Native extension for WebGL target not found
Refreshing native plugins compatible for Editor in 0.28 ms, found 0 plugins.
Preloading 0 native plugins for Editor in 0.00 ms.
Mono: successfully reloaded assembly
- Completed reload, in  0.893 seconds
Platform modules already initialized, skipping
Refreshing native plugins compatible for Editor in 0.29 ms, found 0 plugins.
Preloading 0 native plugins for Editor in 0.00 ms.
Unloading 1541 Unused Serialized files (Serialized files now loaded: 0)
System memory in use before: 77.1 MB.
System memory in use after: 77.1 MB.

Unloading 7 unused Assets to reduce memory usage. Loaded Objects now: 2041.
Total: 2.056900 ms (FindLiveObjects: 0.243800 ms CreateObjectMapping: 0.067100 ms MarkObjects: 1.610000 ms  DeleteObjects: 0.134700 ms)

========================================================================
Received Import Request.
  Time since last request: 696.271602 seconds.
  path: Assets
  artifactKey: Guid(00000000000000001000000000000000) Importer(815301076,1909f56bfc062723c751e8b465ee728b)
Start importing Assets using Guid(00000000000000001000000000000000) Importer(815301076,1909f56bfc062723c751e8b465ee728b)  -> (artifact id: 'e4856052512617ee48189cf1d7999900') in 0.008752 seconds
  Import took 0.011676 seconds .

========================================================================
Received Import Request.
  Time since last request: 0.003352 seconds.
  path: Assets
  artifactKey: Guid(00000000000000001000000000000000) Importer(815301076,1909f56bfc062723c751e8b465ee728b)
Start importing Assets using Guid(00000000000000001000000000000000) Importer(815301076,1909f56bfc062723c751e8b465ee728b)  -> (artifact id: 'e4856052512617ee48189cf1d7999900') in 0.002657 seconds
  Import took 0.005598 seconds .

========================================================================
Received Import Request.
  Time since last request: 5.108503 seconds.
  path: Assets/Scripts
  artifactKey: Guid(46c84212d9a34cf489a6263b31b784dd) Importer(815301076,1909f56bfc062723c751e8b465ee728b)
Start importing Assets/Scripts using Guid(46c84212d9a34cf489a6263b31b784dd) Importer(815301076,1909f56bfc062723c751e8b465ee728b)  -> (artifact id: '51457cc10a80a002e74b245137971894') in 0.009591 seconds
  Import took 0.013225 seconds .

========================================================================
Received Import Request.
  Time since last request: 2.189897 seconds.
  path: Assets/Scenes
  artifactKey: Guid(609bf696e83111949ad502967ae458a7) Importer(815301076,1909f56bfc062723c751e8b465ee728b)
Start importing Assets/Scenes using Guid(609bf696e83111949ad502967ae458a7) Importer(815301076,1909f56bfc062723c751e8b465ee728b)  -> (artifact id: 'c23b67e4d88699271269f55094dd93be') in 0.007650 seconds
  Import took 0.010608 seconds .

========================================================================
Received Import Request.
  Time since last request: 25.736526 seconds.
  path: Assets/Scripts/PickupConfirmation.cs
  artifactKey: Guid(dbd8ba4478e04e84b9311f36a3aff3e3) Importer(815301076,1909f56bfc062723c751e8b465ee728b)
Start importing Assets/Scripts/PickupConfirmation.cs using Guid(dbd8ba4478e04e84b9311f36a3aff3e3) Importer(815301076,1909f56bfc062723c751e8b465ee728b)  -> (artifact id: '330bce0fdbfe590ec366ba39a3ac1a95') in 0.011750 seconds
  Import took 0.014702 seconds .

========================================================================
Received Prepare
Registering precompiled user dll's ...
Registered in 0.000900 seconds.
Begin MonoManager ReloadAssembly
Native extension for WindowsStandalone target not found
Native extension for WebGL target not found
Refreshing native plugins compatible for Editor in 0.29 ms, found 0 plugins.
Preloading 0 native plugins for Editor in 0.00 ms.
Mono: successfully reloaded assembly
- Completed reload, in  0.946 seconds
Platform modules already initialized, skipping
Refreshing native plugins compatible for Editor in 0.48 ms, found 0 plugins.
Preloading 0 native plugins for Editor in 0.00 ms.
Unloading 1542 Unused Serialized files (Serialized files now loaded: 0)
System memory in use before: 77.1 MB.
System memory in use after: 77.1 MB.

Unloading 6 unused Assets to reduce memory usage. Loaded Objects now: 2045.
Total: 1.966500 ms (FindLiveObjects: 0.211900 ms CreateObjectMapping: 0.070700 ms MarkObjects: 1.584900 ms  DeleteObjects: 0.097800 ms)

========================================================================
Received Prepare
Registering precompiled user dll's ...
Registered in 0.000746 seconds.
Begin MonoManager ReloadAssembly
Native extension for WindowsStandalone target not found
Native extension for WebGL target not found
Refreshing native plugins compatible for Editor in 0.31 ms, found 0 plugins.
Preloading 0 native plugins for Editor in 0.00 ms.
Mono: successfully reloaded assembly
- Completed reload, in  0.817 seconds
Platform modules already initialized, skipping
Refreshing native plugins compatible for Editor in 0.28 ms, found 0 plugins.
Preloading 0 native plugins for Editor in 0.00 ms.
Unloading 1543 Unused Serialized files (Serialized files now loaded: 0)
System memory in use before: 77.1 MB.
System memory in use after: 77.2 MB.

Unloading 6 unused Assets to reduce memory usage. Loaded Objects now: 2049.
Total: 2.145400 ms (FindLiveObjects: 0.255000 ms CreateObjectMapping: 0.062000 ms MarkObjects: 1.675400 ms  DeleteObjects: 0.151800 ms)

========================================================================
Received Prepare
Registering precompiled user dll's ...
Registered in 0.001085 seconds.
Begin MonoManager ReloadAssembly
Native extension for WindowsStandalone target not found
Native extension for WebGL target not found
Refreshing native plugins compatible for Editor in 0.27 ms, found 0 plugins.
Preloading 0 native plugins for Editor in 0.00 ms.
Mono: successfully reloaded assembly
- Completed reload, in  0.822 seconds
Platform modules already initialized, skipping
Refreshing native plugins compatible for Editor in 0.28 ms, found 0 plugins.
Preloading 0 native plugins for Editor in 0.00 ms.
Unloading 1544 Unused Serialized files (Serialized files now loaded: 0)
System memory in use before: 77.2 MB.
System memory in use after: 77.2 MB.

Unloading 6 unused Assets to reduce memory usage. Loaded Objects now: 2053.
Total: 2.831200 ms (FindLiveObjects: 0.281700 ms CreateObjectMapping: 0.080300 ms MarkObjects: 2.341800 ms  DeleteObjects: 0.126100 ms)

========================================================================
Received Import Request.
  Time since last request: 177.641202 seconds.
  path: Assets/Scripts/PlayerController.cs
  artifactKey: Guid(f15ce6f15a6571847bb8804a4ec45a62) Importer(815301076,1909f56bfc062723c751e8b465ee728b)
Start importing Assets/Scripts/PlayerController.cs using Guid(f15ce6f15a6571847bb8804a4ec45a62) Importer(815301076,1909f56bfc062723c751e8b465ee728b)  -> (artifact id: 'e7d880745c7894b4c84f5ffe39e4995d') in 0.008701 seconds
  Import took 0.011580 seconds .

========================================================================
Received Import Request.
  Time since last request: 0.020566 seconds.
  path: Assets/Scripts/PlayerController.cs
  artifactKey: Guid(f15ce6f15a6571847bb8804a4ec45a62) Importer(815301076,1909f56bfc062723c751e8b465ee728b)
Start importing Assets/Scripts/PlayerController.cs using Guid(f15ce6f15a6571847bb8804a4ec45a62) Importer(815301076,1909f56bfc062723c751e8b465ee728b)  -> (artifact id: 'e7d880745c7894b4c84f5ffe39e4995d') in 0.002249 seconds
  Import took 0.005327 seconds .

========================================================================
Received Import Request.
  Time since last request: 18.559559 seconds.
  path: ProjectSettings/TagManager.asset
  artifactKey: Guid(00000000000000003000000000000000) Importer(815301076,1909f56bfc062723c751e8b465ee728b)
Start importing ProjectSettings/TagManager.asset using Guid(00000000000000003000000000000000) Importer(815301076,1909f56bfc062723c751e8b465ee728b)  -> (artifact id: 'b93f8ae3661b9cdd31e4d2acda0e1533') in 0.014420 seconds
  Import took 0.017358 seconds .

========================================================================
Received Prepare
Registering precompiled user dll's ...
Registered in 0.001202 seconds.
Begin MonoManager ReloadAssembly
Native extension for WindowsStandalone target not found
Native extension for WebGL target not found
Refreshing native plugins compatible for Editor in 0.32 ms, found 0 plugins.
Preloading 0 native plugins for Editor in 0.00 ms.
Mono: successfully reloaded assembly
- Completed reload, in  1.100 seconds
Platform modules already initialized, skipping
Refreshing native plugins compatible for Editor in 0.53 ms, found 0 plugins.
Preloading 0 native plugins for Editor in 0.00 ms.
Unloading 1544 Unused Serialized files (Serialized files now loaded: 0)
System memory in use before: 77.2 MB.
System memory in use after: 77.2 MB.

Unloading 7 unused Assets to reduce memory usage. Loaded Objects now: 2056.
Total: 3.851600 ms (FindLiveObjects: 0.240900 ms CreateObjectMapping: 0.091900 ms MarkObjects: 3.382400 ms  DeleteObjects: 0.134900 ms)

========================================================================
Received Import Request.
  Time since last request: 282.329648 seconds.
  path: Assets/Scripts/GenericRaycast.cs
  artifactKey: Guid(de4d9293b472bbe459762015c479be0e) Importer(815301076,1909f56bfc062723c751e8b465ee728b)
Start importing Assets/Scripts/GenericRaycast.cs using Guid(de4d9293b472bbe459762015c479be0e) Importer(815301076,1909f56bfc062723c751e8b465ee728b)  -> (artifact id: '6621999602fa6ff761e798a2cbcfcbfd') in 0.009388 seconds
  Import took 0.013251 seconds .

========================================================================
Received Prepare
Registering precompiled user dll's ...
Registered in 0.001169 seconds.
Begin MonoManager ReloadAssembly
Native extension for WindowsStandalone target not found
Native extension for WebGL target not found
Refreshing native plugins compatible for Editor in 0.29 ms, found 0 plugins.
Preloading 0 native plugins for Editor in 0.00 ms.
Mono: successfully reloaded assembly
- Completed reload, in  0.863 seconds
Platform modules already initialized, skipping
Refreshing native plugins compatible for Editor in 0.28 ms, found 0 plugins.
Preloading 0 native plugins for Editor in 0.00 ms.
Unloading 1544 Unused Serialized files (Serialized files now loaded: 0)
System memory in use before: 77.2 MB.
System memory in use after: 77.2 MB.

Unloading 6 unused Assets to reduce memory usage. Loaded Objects now: 2059.
Total: 2.224800 ms (FindLiveObjects: 0.329200 ms CreateObjectMapping: 0.108700 ms MarkObjects: 1.653400 ms  DeleteObjects: 0.132400 ms)

========================================================================
Received Prepare
Registering precompiled user dll's ...
Registered in 0.000769 seconds.
Begin MonoManager ReloadAssembly
Native extension for WindowsStandalone target not found
Native extension for WebGL target not found
Refreshing native plugins compatible for Editor in 0.28 ms, found 0 plugins.
Preloading 0 native plugins for Editor in 0.00 ms.
Mono: successfully reloaded assembly
- Completed reload, in  0.824 seconds
Platform modules already initialized, skipping
Refreshing native plugins compatible for Editor in 0.29 ms, found 0 plugins.
Preloading 0 native plugins for Editor in 0.00 ms.
Unloading 1549 Unused Serialized files (Serialized files now loaded: 0)
System memory in use before: 77.3 MB.
System memory in use after: 77.4 MB.

Unloading 6 unused Assets to reduce memory usage. Loaded Objects now: 2067.
Total: 2.023000 ms (FindLiveObjects: 0.172000 ms CreateObjectMapping: 0.041600 ms MarkObjects: 1.664400 ms  DeleteObjects: 0.143600 ms)

========================================================================
Received Import Request.
  Time since last request: 603.913874 seconds.
  path: Assets/Scripts/InventoryItem.cs
  artifactKey: Guid(1da8f16d320ea9d4cb54bb1af4dc6f6f) Importer(815301076,1909f56bfc062723c751e8b465ee728b)
Start importing Assets/Scripts/InventoryItem.cs using Guid(1da8f16d320ea9d4cb54bb1af4dc6f6f) Importer(815301076,1909f56bfc062723c751e8b465ee728b)  -> (artifact id: '6fada5e7007754879f898763ed2e9f9c') in 0.009885 seconds
  Import took 0.013655 seconds .

========================================================================
Received Import Request.
  Time since last request: 0.872634 seconds.
  path: Assets/Scripts/Inventory.cs
  artifactKey: Guid(c26ef3f50494f124591c9ac965571000) Importer(815301076,1909f56bfc062723c751e8b465ee728b)
Start importing Assets/Scripts/Inventory.cs using Guid(c26ef3f50494f124591c9ac965571000) Importer(815301076,1909f56bfc062723c751e8b465ee728b)  -> (artifact id: '592ac65c34990286e6d88bd884e02fec') in 0.007628 seconds
  Import took 0.011278 seconds .

========================================================================
Received Import Request.
  Time since last request: 69.125403 seconds.
  path: Assets/New Inventory Item.asset
  artifactKey: Guid(ff4d404fea7500b4280a9950ecaa65ad) Importer(815301076,1909f56bfc062723c751e8b465ee728b)
Start importing Assets/New Inventory Item.asset using Guid(ff4d404fea7500b4280a9950ecaa65ad) Importer(815301076,1909f56bfc062723c751e8b465ee728b)  -> (artifact id: '9de57aa9c361927d3eb858de479ccc98') in 0.019360 seconds
  Import took 0.023130 seconds .

========================================================================
Received Import Request.
  Time since last request: 6.493993 seconds.
  path: Assets/Items
  artifactKey: Guid(5d7ccd6c5988cfe46bfa0df7c1da19eb) Importer(815301076,1909f56bfc062723c751e8b465ee728b)
Start importing Assets/Items using Guid(5d7ccd6c5988cfe46bfa0df7c1da19eb) Importer(815301076,1909f56bfc062723c751e8b465ee728b)  -> (artifact id: '2b69894d2990e8173281d2f8345d5b33') in 0.004240 seconds
  Import took 0.007130 seconds .

========================================================================
Received Import Request.
  Time since last request: 11.087621 seconds.
  path: Assets/Items/Cube.asset
  artifactKey: Guid(06e6c779ad601f6408b9eea3aedfc12c) Importer(815301076,1909f56bfc062723c751e8b465ee728b)
Start importing Assets/Items/Cube.asset using Guid(06e6c779ad601f6408b9eea3aedfc12c) Importer(815301076,1909f56bfc062723c751e8b465ee728b)  -> (artifact id: 'bfcee984bddbddffb4ddd626b33e9a70') in 0.004683 seconds
  Import took 0.007990 seconds .

========================================================================
Received Import Request.
  Time since last request: 0.006435 seconds.
  path: Assets/Items/Cube.asset
  artifactKey: Guid(06e6c779ad601f6408b9eea3aedfc12c) Importer(815301076,1909f56bfc062723c751e8b465ee728b)
Start importing Assets/Items/Cube.asset using Guid(06e6c779ad601f6408b9eea3aedfc12c) Importer(815301076,1909f56bfc062723c751e8b465ee728b)  -> (artifact id: 'bfcee984bddbddffb4ddd626b33e9a70') in 0.004323 seconds
  Import took 0.007343 seconds .

========================================================================
Received Prepare
Registering precompiled user dll's ...
Registered in 0.001200 seconds.
Begin MonoManager ReloadAssembly
Native extension for WindowsStandalone target not found
Native extension for WebGL target not found
Refreshing native plugins compatible for Editor in 0.32 ms, found 0 plugins.
Preloading 0 native plugins for Editor in 0.00 ms.
Mono: successfully reloaded assembly
- Completed reload, in  0.895 seconds
Platform modules already initialized, skipping
Refreshing native plugins compatible for Editor in 0.29 ms, found 0 plugins.
Preloading 0 native plugins for Editor in 0.00 ms.
Unloading 1549 Unused Serialized files (Serialized files now loaded: 0)
System memory in use before: 77.3 MB.
System memory in use after: 77.4 MB.

Unloading 6 unused Assets to reduce memory usage. Loaded Objects now: 2070.
Total: 2.144400 ms (FindLiveObjects: 0.228300 ms CreateObjectMapping: 0.051600 ms MarkObjects: 1.727900 ms  DeleteObjects: 0.135400 ms)

========================================================================
Received Import Request.
  Time since last request: 245.717629 seconds.
  path: Assets/Scripts/WorldItem.cs
  artifactKey: Guid(0b2527da99a21cc458f8f8d4c72d7ac9) Importer(815301076,1909f56bfc062723c751e8b465ee728b)
Start importing Assets/Scripts/WorldItem.cs using Guid(0b2527da99a21cc458f8f8d4c72d7ac9) Importer(815301076,1909f56bfc062723c751e8b465ee728b)  -> (artifact id: 'd49498d8cf36161b662c1374f47e55e3') in 0.011111 seconds
  Import took 0.013968 seconds .

========================================================================
Received Import Request.
  Time since last request: 4.225216 seconds.
  path: Assets/Scripts/SlotUI.cs
  artifactKey: Guid(d3df21094f5771f4a9981c7f964a3c86) Importer(815301076,1909f56bfc062723c751e8b465ee728b)
Start importing Assets/Scripts/SlotUI.cs using Guid(d3df21094f5771f4a9981c7f964a3c86) Importer(815301076,1909f56bfc062723c751e8b465ee728b)  -> (artifact id: '493bda5d779fc687273a74847a335d5c') in 0.007897 seconds
  Import took 0.011223 seconds .

========================================================================
Received Prepare
Registering precompiled user dll's ...
Registered in 0.000760 seconds.
Begin MonoManager ReloadAssembly
Native extension for WindowsStandalone target not found
Native extension for WebGL target not found
Refreshing native plugins compatible for Editor in 0.28 ms, found 0 plugins.
Preloading 0 native plugins for Editor in 0.00 ms.
Mono: successfully reloaded assembly
- Completed reload, in  0.815 seconds
Platform modules already initialized, skipping
Refreshing native plugins compatible for Editor in 0.30 ms, found 0 plugins.
Preloading 0 native plugins for Editor in 0.00 ms.
Unloading 1544 Unused Serialized files (Serialized files now loaded: 0)
System memory in use before: 77.2 MB.
System memory in use after: 77.3 MB.

Unloading 11 unused Assets to reduce memory usage. Loaded Objects now: 2068.
Total: 2.089600 ms (FindLiveObjects: 0.275300 ms CreateObjectMapping: 0.110700 ms MarkObjects: 1.540700 ms  DeleteObjects: 0.161700 ms)

========================================================================
Received Import Request.
  Time since last request: 25.034216 seconds.
  path: Assets/Items/Cube.asset
  artifactKey: Guid(06e6c779ad601f6408b9eea3aedfc12c) Importer(815301076,1909f56bfc062723c751e8b465ee728b)
Start importing Assets/Items/Cube.asset using Guid(06e6c779ad601f6408b9eea3aedfc12c) Importer(815301076,1909f56bfc062723c751e8b465ee728b)  -> (artifact id: '4829e2be9082b918fdb54a3b306b233e') in 0.006443 seconds
  Import took 0.009220 seconds .

========================================================================
Received Prepare
Registering precompiled user dll's ...
Registered in 0.000820 seconds.
Begin MonoManager ReloadAssembly
Native extension for WindowsStandalone target not found
Native extension for WebGL target not found
Refreshing native plugins compatible for Editor in 0.28 ms, found 0 plugins.
Preloading 0 native plugins for Editor in 0.00 ms.
Mono: successfully reloaded assembly
- Completed reload, in  0.887 seconds
Platform modules already initialized, skipping
Refreshing native plugins compatible for Editor in 0.29 ms, found 0 plugins.
Preloading 0 native plugins for Editor in 0.00 ms.
Unloading 1544 Unused Serialized files (Serialized files now loaded: 0)
System memory in use before: 77.2 MB.
System memory in use after: 77.3 MB.

Unloading 6 unused Assets to reduce memory usage. Loaded Objects now: 2071.
Total: 2.539100 ms (FindLiveObjects: 0.368300 ms CreateObjectMapping: 0.122300 ms MarkObjects: 1.910700 ms  DeleteObjects: 0.136100 ms)

========================================================================
Received Prepare
Registering precompiled user dll's ...
Registered in 0.001086 seconds.
Begin MonoManager ReloadAssembly
Native extension for WindowsStandalone target not found
Native extension for WebGL target not found
Refreshing native plugins compatible for Editor in 0.28 ms, found 0 plugins.
Preloading 0 native plugins for Editor in 0.00 ms.
Mono: successfully reloaded assembly
- Completed reload, in  0.922 seconds
Platform modules already initialized, skipping
Refreshing native plugins compatible for Editor in 0.46 ms, found 0 plugins.
Preloading 0 native plugins for Editor in 0.00 ms.
Unloading 1545 Unused Serialized files (Serialized files now loaded: 0)
System memory in use before: 77.3 MB.
System memory in use after: 77.3 MB.

Unloading 6 unused Assets to reduce memory usage. Loaded Objects now: 2075.
Total: 2.069300 ms (FindLiveObjects: 0.265300 ms CreateObjectMapping: 0.078000 ms MarkObjects: 1.623800 ms  DeleteObjects: 0.100900 ms)

========================================================================
Received Import Request.
  Time since last request: 449.222966 seconds.
  path: Assets/Scripts/AudioTrigger.cs
  artifactKey: Guid(b01b5229db93c41409bd059d4ade1c2b) Importer(815301076,1909f56bfc062723c751e8b465ee728b)
Start importing Assets/Scripts/AudioTrigger.cs using Guid(b01b5229db93c41409bd059d4ade1c2b) Importer(815301076,1909f56bfc062723c751e8b465ee728b)  -> (artifact id: '8e1abb5d5577d774009dbc1a96478a0e') in 0.009969 seconds
  Import took 0.012479 seconds .

========================================================================
Received Import Request.
  Time since last request: 926.195512 seconds.
  path: Assets/Audio
  artifactKey: Guid(39e53a6cd937dea4a9a06fb5dee04c0d) Importer(815301076,1909f56bfc062723c751e8b465ee728b)
Start importing Assets/Audio using Guid(39e53a6cd937dea4a9a06fb5dee04c0d) Importer(815301076,1909f56bfc062723c751e8b465ee728b)  -> (artifact id: 'e145e942897b487b5e8eae493515efc8') in 0.008244 seconds
  Import took 0.012276 seconds .

========================================================================
Received Import Request.
  Time since last request: 12.024289 seconds.
  path: Assets/Audio/01_Elden Ring.mp3
  artifactKey: Guid(326679b16f4dcee4dad74b00cb9bd2f2) Importer(815301076,1909f56bfc062723c751e8b465ee728b)
Start importing Assets/Audio/01_Elden Ring.mp3 using Guid(326679b16f4dcee4dad74b00cb9bd2f2) Importer(815301076,1909f56bfc062723c751e8b465ee728b)  -> (artifact id: '0bb61ee06f3b17669aaad428194f23a9') in 0.166585 seconds
  Import took 0.169275 seconds .

========================================================================
Received Import Request.
  Time since last request: 141.793806 seconds.
  path: ProjectSettings/TagManager.asset
  artifactKey: Guid(00000000000000003000000000000000) Importer(815301076,1909f56bfc062723c751e8b465ee728b)
Start importing ProjectSettings/TagManager.asset using Guid(00000000000000003000000000000000) Importer(815301076,1909f56bfc062723c751e8b465ee728b)  -> (artifact id: 'fe8e60db23f5e313c6713e1e73c71610') in 0.007160 seconds
  Import took 0.010325 seconds .

========================================================================
Received Prepare
Registering precompiled user dll's ...
Registered in 0.000789 seconds.
Begin MonoManager ReloadAssembly
Native extension for WindowsStandalone target not found
Native extension for WebGL target not found
Refreshing native plugins compatible for Editor in 0.36 ms, found 0 plugins.
Preloading 0 native plugins for Editor in 0.00 ms.
Mono: successfully reloaded assembly
- Completed reload, in  0.868 seconds
Platform modules already initialized, skipping
Refreshing native plugins compatible for Editor in 0.29 ms, found 0 plugins.
Preloading 0 native plugins for Editor in 0.00 ms.
Unloading 1545 Unused Serialized files (Serialized files now loaded: 0)
System memory in use before: 80.4 MB.
System memory in use after: 80.4 MB.

Unloading 7 unused Assets to reduce memory usage. Loaded Objects now: 2087.
Total: 2.193700 ms (FindLiveObjects: 0.340000 ms CreateObjectMapping: 0.084300 ms MarkObjects: 1.637200 ms  DeleteObjects: 0.131300 ms)

========================================================================
Received Prepare
Registering precompiled user dll's ...
Registered in 0.001077 seconds.
Begin MonoManager ReloadAssembly
Native extension for WindowsStandalone target not found
Native extension for WebGL target not found
Refreshing native plugins compatible for Editor in 0.28 ms, found 0 plugins.
Preloading 0 native plugins for Editor in 0.00 ms.
Mono: successfully reloaded assembly
- Completed reload, in  0.859 seconds
Platform modules already initialized, skipping
Refreshing native plugins compatible for Editor in 0.28 ms, found 0 plugins.
Preloading 0 native plugins for Editor in 0.00 ms.
Unloading 1545 Unused Serialized files (Serialized files now loaded: 0)
System memory in use before: 80.4 MB.
System memory in use after: 80.4 MB.

Unloading 6 unused Assets to reduce memory usage. Loaded Objects now: 2090.
Total: 1.980700 ms (FindLiveObjects: 0.180300 ms CreateObjectMapping: 0.065600 ms MarkObjects: 1.625700 ms  DeleteObjects: 0.107700 ms)

========================================================================
Received Prepare
Registering precompiled user dll's ...
Registered in 0.000819 seconds.
Begin MonoManager ReloadAssembly
Native extension for WindowsStandalone target not found
Native extension for WebGL target not found
Refreshing native plugins compatible for Editor in 0.28 ms, found 0 plugins.
Preloading 0 native plugins for Editor in 0.00 ms.
Mono: successfully reloaded assembly
- Completed reload, in  0.837 seconds
Platform modules already initialized, skipping
Refreshing native plugins compatible for Editor in 0.56 ms, found 0 plugins.
Preloading 0 native plugins for Editor in 0.00 ms.
Unloading 1545 Unused Serialized files (Serialized files now loaded: 0)
System memory in use before: 80.4 MB.
System memory in use after: 80.5 MB.

Unloading 6 unused Assets to reduce memory usage. Loaded Objects now: 2093.
Total: 2.044500 ms (FindLiveObjects: 0.177800 ms CreateObjectMapping: 0.055100 ms MarkObjects: 1.678400 ms  DeleteObjects: 0.131900 ms)

AssetImportWorkerClient::OnTransportError - code=2 error=End of file
